<?xml version="1.0" encoding="UTF-8"?>
<!-- Generated by org.testng.reporters.JUnitXMLReporter -->
<testsuite ignored="0" hostname="LAPTOP-FHR8S135" failures="0" tests="5" name="Default test" time="3.849" errors="0" timestamp="2021-12-06T14:04:04 IST">
  <testcase classname="com.demo.tests.FirstDemo" name="testCreateUser" time="1.364"/>
  <testcase classname="com.demo.tests.FirstDemo" name="testDelete" time="0.827"/>
  <testcase classname="com.demo.tests.FirstDemo" name="testPatch" time="0.522"/>
  <testcase classname="com.demo.tests.FirstDemo" name="testPut" time="0.501"/>
  <testcase classname="com.demo.tests.FirstDemo" name="testUsersById" time="0.214"/>
</testsuite> <!-- Default test -->
