<?xml version="1.0" encoding="UTF-8"?>
<testng-results ignored="0" total="5" passed="5" failed="0" skipped="0">
  <reporter-output>
  </reporter-output>
  <suite started-at="2021-12-06T14:04:00 IST" name="Default suite" finished-at="2021-12-06T14:04:04 IST" duration-ms="3849">
    <groups>
    </groups>
    <test started-at="2021-12-06T14:04:00 IST" name="Default test" finished-at="2021-12-06T14:04:04 IST" duration-ms="3849">
      <class name="com.demo.tests.FirstDemo">
        <test-method is-config="true" signature="setUp()[pri:0, instance:com.demo.tests.FirstDemo@1622f1b]" started-at="2021-12-06T14:04:00 IST" name="setUp" finished-at="2021-12-06T14:04:00 IST" duration-ms="397" status="PASS">
          <reporter-output>
          </reporter-output>
        </test-method> <!-- setUp -->
        <test-method signature="testCreateUser()[pri:0, instance:com.demo.tests.FirstDemo@1622f1b]" started-at="2021-12-06T14:04:00 IST" name="testCreateUser" finished-at="2021-12-06T14:04:01 IST" duration-ms="1364" status="PASS">
          <reporter-output>
          </reporter-output>
        </test-method> <!-- testCreateUser -->
        <test-method signature="testDelete()[pri:0, instance:com.demo.tests.FirstDemo@1622f1b]" started-at="2021-12-06T14:04:01 IST" name="testDelete" finished-at="2021-12-06T14:04:02 IST" duration-ms="827" status="PASS">
          <reporter-output>
          </reporter-output>
        </test-method> <!-- testDelete -->
        <test-method signature="testPatch()[pri:0, instance:com.demo.tests.FirstDemo@1622f1b]" started-at="2021-12-06T14:04:02 IST" name="testPatch" finished-at="2021-12-06T14:04:03 IST" duration-ms="522" status="PASS">
          <reporter-output>
          </reporter-output>
        </test-method> <!-- testPatch -->
        <test-method signature="testPut()[pri:0, instance:com.demo.tests.FirstDemo@1622f1b]" started-at="2021-12-06T14:04:03 IST" name="testPut" finished-at="2021-12-06T14:04:03 IST" duration-ms="501" status="PASS">
          <reporter-output>
          </reporter-output>
        </test-method> <!-- testPut -->
        <test-method signature="testUsersById()[pri:0, instance:com.demo.tests.FirstDemo@1622f1b]" started-at="2021-12-06T14:04:03 IST" name="testUsersById" finished-at="2021-12-06T14:04:04 IST" duration-ms="214" status="PASS">
          <reporter-output>
          </reporter-output>
        </test-method> <!-- testUsersById -->
      </class> <!-- com.demo.tests.FirstDemo -->
    </test> <!-- Default test -->
  </suite> <!-- Default suite -->
</testng-results>
